This is pdfTeX, Version 3.14159265-2.6-1.40.20 (TeX Live 2019/Debian) (preloaded format=pdflatex 2022.3.2)  19 MAR 2022 15:01
entering extended mode
 restricted \write18 enabled.
 %&-line parsing enabled.
**Henry-2022-03-19.tex
(./Henry-2022-03-19.tex
LaTeX2e <2020-02-02> patch level 2
L3 programming layer <2020-02-14>
(/usr/share/texlive/texmf-dist/tex/latex/base/article.cls
Document Class: article 2019/12/20 v1.4l Standard LaTeX document class
(/usr/share/texlive/texmf-dist/tex/latex/base/size10.clo
File: size10.clo 2019/12/20 v1.4l Standard LaTeX file (size option)
)
\c@part=\count167
\c@section=\count168
\c@subsection=\count169
\c@subsubsection=\count170
\c@paragraph=\count171
\c@subparagraph=\count172
\c@figure=\count173
\c@table=\count174
\abovecaptionskip=\skip47
\belowcaptionskip=\skip48
\bibindent=\dimen134
)
! You can't use `macro parameter character #' in vertical mode.
l.3                     #
                             \begin{document}
? 
! Emergency stop.
l.3                     #
                             \begin{document}
End of file on the terminal!

 
Here is how much of TeX's memory you used:
 218 strings out of 483049
 2481 string characters out of 5962915
 232052 words of memory out of 5000000
 15347 multiletter control sequences out of 15000+600000
 532338 words of font info for 24 fonts, out of 8000000 for 9000
 83 hyphenation exceptions out of 8191
 25i,0n,19p,135b,36s stack positions out of 5000i,500n,10000p,200000b,80000s
!  ==> Fatal error occurred, no output PDF file produced!
